<?xml version="1.0" encoding="UTF-8"?>
<!-- Generated by org.testng.reporters.JUnitXMLReporter -->
<testsuite ignored="3" hostname="DESKTOP-7LCSMC0" failures="0" tests="1" name="Default test" time="33.89" errors="0" timestamp="2023-01-19T17:40:51 IST">
  <testcase classname="tests.TestNgClass" name="BookAppointment" time="23.867"/>
  <testcase classname="tests.TestNgClass" name="install_app" time="0.0">
    <ignored/>
  </testcase> <!-- install_app -->
  <testcase classname="tests.TestNgClass" name="SignUP" time="0.0">
    <ignored/>
  </testcase> <!-- SignUP -->
  <testcase classname="tests.TestNgClass" name="LoginApp" time="0.0">
    <ignored/>
  </testcase> <!-- LoginApp -->
</testsuite> <!-- Default test -->
